pdflatex EP7.tex
This is pdfTeX, Version 3.14159265-2.6-1.40.18 (TeX Live 2017) (preloaded format=pdflatex)
 restricted \write18 enabled.
entering extended mode
(./EP7.tex
LaTeX2e <2017-04-15>
Babel <3.10> and hyphenation patterns for 84 language(s) loaded.
(/usr/local/texlive/2017/texmf-dist/tex/latex/base/article.cls
Document Class: article 2014/09/29 v1.4h Standard LaTeX document class
(/usr/local/texlive/2017/texmf-dist/tex/latex/base/size10.clo))
(/usr/local/texlive/2017/texmf-dist/tex/latex/geometry/geometry.sty
(/usr/local/texlive/2017/texmf-dist/tex/latex/graphics/keyval.sty)
(/usr/local/texlive/2017/texmf-dist/tex/generic/oberdiek/ifpdf.sty)
(/usr/local/texlive/2017/texmf-dist/tex/generic/oberdiek/ifvtex.sty)
(/usr/local/texlive/2017/texmf-dist/tex/generic/ifxetex/ifxetex.sty))
(/usr/local/texlive/2017/texmf-dist/tex/latex/graphics/graphicx.sty
(/usr/local/texlive/2017/texmf-dist/tex/latex/graphics/graphics.sty
(/usr/local/texlive/2017/texmf-dist/tex/latex/graphics/trig.sty)
(/usr/local/texlive/2017/texmf-dist/tex/latex/graphics-cfg/graphics.cfg)
(/usr/local/texlive/2017/texmf-dist/tex/latex/graphics-def/pdftex.def
(/usr/local/texlive/2017/texmf-dist/tex/generic/oberdiek/infwarerr.sty)
(/usr/local/texlive/2017/texmf-dist/tex/generic/oberdiek/ltxcmds.sty))))
(/usr/local/texlive/2017/texmf-dist/tex/latex/amsmath/amsmath.sty
For additional information on amsmath, use the `?' option.
(/usr/local/texlive/2017/texmf-dist/tex/latex/amsmath/amstext.sty
(/usr/local/texlive/2017/texmf-dist/tex/latex/amsmath/amsgen.sty))
(/usr/local/texlive/2017/texmf-dist/tex/latex/amsmath/amsbsy.sty)
(/usr/local/texlive/2017/texmf-dist/tex/latex/amsmath/amsopn.sty))
(/usr/local/texlive/2017/texmf-dist/tex/latex/amsfonts/amsfonts.sty)
(/usr/local/texlive/2017/texmf-dist/tex/latex/amsfonts/amssymb.sty)
(/usr/local/texlive/2017/texmf-dist/tex/latex/amscls/amsthm.sty)
(/usr/local/texlive/2017/texmf-dist/tex/latex/base/inputenc.sty
(/usr/local/texlive/2017/texmf-dist/tex/latex/base/utf8.def
(/usr/local/texlive/2017/texmf-dist/tex/latex/base/t1enc.dfu)
(/usr/local/texlive/2017/texmf-dist/tex/latex/base/ot1enc.dfu)
(/usr/local/texlive/2017/texmf-dist/tex/latex/base/omsenc.dfu)))
(/usr/local/texlive/2017/texmf-dist/tex/latex/graphics/color.sty
(/usr/local/texlive/2017/texmf-dist/tex/latex/graphics-cfg/color.cfg)
(/usr/local/texlive/2017/texmf-dist/tex/latex/graphics/dvipsnam.def))
(/usr/local/texlive/2017/texmf-dist/tex/latex/listings/listings.sty
(/usr/local/texlive/2017/texmf-dist/tex/latex/listings/lstmisc.sty)
(/usr/local/texlive/2017/texmf-dist/tex/latex/listings/listings.cfg))
(/usr/local/texlive/2017/texmf-dist/tex/latex/psnfss/courier.sty)
(/usr/local/texlive/2017/texmf-dist/tex/latex/enumitem/enumitem.sty)
(/usr/local/texlive/2017/texmf-dist/tex/latex/titling/titling.sty)

Package amsthm Warning: Unknown theoremstyle `proof' on input line 43.

(./EP7.aux)
*geometry* driver: auto-detecting
*geometry* detected driver: pdftex
(/usr/local/texlive/2017/texmf-dist/tex/context/base/mkii/supp-pdf.mkii
[Loading MPS to PDF converter (version 2006.09.02).]
) (/usr/local/texlive/2017/texmf-dist/tex/generic/oberdiek/pdftexcmds.sty
(/usr/local/texlive/2017/texmf-dist/tex/generic/oberdiek/ifluatex.sty))
(/usr/local/texlive/2017/texmf-dist/tex/latex/oberdiek/epstopdf-base.sty
(/usr/local/texlive/2017/texmf-dist/tex/latex/oberdiek/grfext.sty
(/usr/local/texlive/2017/texmf-dist/tex/generic/oberdiek/kvdefinekeys.sty))
(/usr/local/texlive/2017/texmf-dist/tex/latex/oberdiek/kvoptions.sty
(/usr/local/texlive/2017/texmf-dist/tex/generic/oberdiek/kvsetkeys.sty
(/usr/local/texlive/2017/texmf-dist/tex/generic/oberdiek/etexcmds.sty)))
(/usr/local/texlive/2017/texmf-dist/tex/latex/latexconfig/epstopdf-sys.cfg))
(/usr/local/texlive/2017/texmf-dist/tex/latex/amsfonts/umsa.fd)
(/usr/local/texlive/2017/texmf-dist/tex/latex/amsfonts/umsb.fd) [1{/usr/local/t
exlive/2017/texmf-var/fonts/map/pdftex/updmap/pdftex.map}] (./EP7.aux) )</usr/l
ocal/texlive/2017/texmf-dist/fonts/type1/public/amsfonts/cm/cmbx12.pfb></usr/lo
cal/texlive/2017/texmf-dist/fonts/type1/public/amsfonts/cm/cmmi10.pfb></usr/loc
al/texlive/2017/texmf-dist/fonts/type1/public/amsfonts/cm/cmmi7.pfb></usr/local
/texlive/2017/texmf-dist/fonts/type1/public/amsfonts/cm/cmr10.pfb></usr/local/t
exlive/2017/texmf-dist/fonts/type1/public/amsfonts/cm/cmr12.pfb></usr/local/tex
live/2017/texmf-dist/fonts/type1/public/amsfonts/cm/cmr17.pfb></usr/local/texli
ve/2017/texmf-dist/fonts/type1/public/amsfonts/cm/cmsy10.pfb>
Output written on EP7.pdf (1 page, 76243 bytes).
Transcript written on EP7.log.
